<?xml version="1.0" encoding="UTF-8"?>
<!-- Generated by org.testng.reporters.JUnitReportReporter -->
<testsuite skipped="0" hostname="LAPTOP-0RTNMI1M" name="org.selenium.pom.tests.MyLoginPageTest" tests="4" failures="0" timestamp="2021-12-17T15:10:57 IST" time="97.866" errors="0">
  <testcase name="Login" time="17.297" classname="org.selenium.pom.tests.MyLoginPageTest"/>
  <system-out/>
  <testcase name="Reset" time="31.385" classname="org.selenium.pom.tests.MyLoginPageTest"/>
  <system-out/>
  <testcase name="Reset" time="31.698" classname="org.selenium.pom.tests.MyLoginPageTest"/>
  <system-out/>
  <testcase name="Login" time="17.486" classname="org.selenium.pom.tests.MyLoginPageTest"/>
  <system-out/>
</testsuite> <!-- org.selenium.pom.tests.MyLoginPageTest -->
